<?xml version="1.0" encoding="UTF-8"?>
<!-- Generated by org.testng.reporters.JUnitReportReporter -->
<testsuite hostname="DESKTOP-V4IS0Q1" failures="0" tests="1" name="com.herokuapp.theinternet.MySqlTests" time="6.606" errors="0" timestamp="2022-08-10T22:57:33 CST" skipped="0">
  <testcase classname="com.herokuapp.theinternet.MySqlTests" name="sqlTest" time="6.606"/>
  <system-out/>
</testsuite> <!-- com.herokuapp.theinternet.MySqlTests -->
