<?xml version="1.0" encoding="UTF-8"?>
<!-- Generated by org.testng.reporters.JUnitReportReporter -->
<testsuite hostname="DESKTOP-V4IS0Q1" failures="0" tests="1" name="com.herokuapp.theinternet.PositiveTests" time="13.061" errors="0" timestamp="2022-06-14T22:30:10 CST" skipped="0">
  <testcase classname="com.herokuapp.theinternet.PositiveTests" name="loginTest" time="13.061"/>
  <system-out/>
</testsuite> <!-- com.herokuapp.theinternet.PositiveTests -->
