<?xml version="1.0" encoding="UTF-8"?>
<!-- Generated by org.testng.reporters.JUnitReportReporter -->
<testsuite hostname="DESKTOP-V4IS0Q1" failures="0" tests="1" name="com.herokuapp.theinternet.WindowsTests" time="26.377" errors="0" timestamp="2022-07-19T14:21:56 CST" skipped="0">
  <testcase classname="com.herokuapp.theinternet.WindowsTests" name="newWindowTest" time="26.377"/>
  <system-out/>
</testsuite> <!-- com.herokuapp.theinternet.WindowsTests -->
