<?xml version="1.0" encoding="UTF-8"?>
<!-- Generated by org.testng.reporters.JUnitReportReporter -->
<testsuite hostname="DESKTOP-V4IS0Q1" failures="0" tests="2" name="com.herokuapp.theinternet.CalendarTests" time="31.827" errors="0" timestamp="2022-08-10T22:57:33 CST" skipped="0">
  <testcase classname="com.herokuapp.theinternet.CalendarTests" name="selectDateFromDefault" time="15.203"/>
  <system-out/>
  <testcase classname="com.herokuapp.theinternet.CalendarTests" name="selectDateFromDecember" time="16.624"/>
  <system-out/>
</testsuite> <!-- com.herokuapp.theinternet.CalendarTests -->
