<?xml version="1.0" encoding="UTF-8"?>
<!-- Generated by org.testng.reporters.JUnitReportReporter -->
<testsuite hostname="DESKTOP-V4IS0Q1" failures="0" tests="1" name="com.herokuapp.theinternet.EditorTests" time="28.573" errors="0" timestamp="2022-08-03T02:50:16 CST" skipped="0">
  <testcase classname="com.herokuapp.theinternet.EditorTests" name="defaultEditorValueTest" time="28.573"/>
  <system-out/>
</testsuite> <!-- com.herokuapp.theinternet.EditorTests -->
