<?xml version="1.0" encoding="UTF-8"?>
<!-- Generated by org.testng.reporters.JUnitReportReporter -->
<testsuite hostname="DESKTOP-V4IS0Q1" failures="0" tests="3" name="com.herokuapp.theinternet.FileUploadTests" time="30.776" errors="0" timestamp="2022-07-19T14:21:56 CST" skipped="0">
  <testcase classname="com.herokuapp.theinternet.FileUploadTests" name="imageUploadTest" time="9.756"/>
  <system-out/>
  <testcase classname="com.herokuapp.theinternet.FileUploadTests" name="uploadWithDataProviderTest" time="10.304"/>
  <system-out/>
  <testcase classname="com.herokuapp.theinternet.FileUploadTests" name="uploadWithDataProviderTest" time="10.716"/>
  <system-out/>
</testsuite> <!-- com.herokuapp.theinternet.FileUploadTests -->
