<?xml version="1.0" encoding="UTF-8"?>
<!-- Generated by org.testng.reporters.JUnitReportReporter -->
<testsuite hostname="DESKTOP-V4IS0Q1" failures="0" tests="2" name="com.herokuapp.theinternet.CheckboxTests" time="13.348" errors="0" timestamp="2022-07-19T14:21:56 CST" skipped="0">
  <testcase classname="com.herokuapp.theinternet.CheckboxTests" name="selectAllCheckboxesTest" time="6.566"/>
  <system-out/>
  <testcase classname="com.herokuapp.theinternet.CheckboxTests" name="selectOneCheckboxTest" time="6.782"/>
  <system-out/>
</testsuite> <!-- com.herokuapp.theinternet.CheckboxTests -->
