<?xml version="1.0" encoding="UTF-8"?>
<!-- Generated by org.testng.reporters.JUnitReportReporter -->
<testsuite hostname="DESKTOP-V4IS0Q1" failures="0" tests="2" name="com.herokuapp.theinternet.NegativeLoginTests" time="25.681" errors="0" timestamp="2022-06-14T22:30:10 CST" skipped="0">
  <testcase classname="com.herokuapp.theinternet.NegativeLoginTests" name="incorrectUsernameTest" time="16.355"/>
  <system-out/>
  <testcase classname="com.herokuapp.theinternet.NegativeLoginTests" name="incorrectPasswordTest" time="9.326"/>
  <system-out/>
</testsuite> <!-- com.herokuapp.theinternet.NegativeLoginTests -->
