<?xml version="1.0" encoding="UTF-8"?>
<!-- Generated by org.testng.reporters.JUnitReportReporter -->
<testsuite hostname="DESKTOP-V4IS0Q1" failures="0" tests="6" name="com.herokuapp.theinternet.FileUploadTests" time="43.644" errors="0" timestamp="2022-08-10T22:57:33 CST" skipped="0">
  <testcase classname="com.herokuapp.theinternet.FileUploadTests" name="imageUploadTest" time="13.701"/>
  <system-out/>
  <testcase classname="com.herokuapp.theinternet.FileUploadTests" name="uploadWithDataProviderTest" time="14.102"/>
  <system-out/>
  <testcase classname="com.herokuapp.theinternet.FileUploadTests" name="uploadWithDataProviderTest" time="10.160"/>
  <system-out/>
  <testcase classname="com.herokuapp.theinternet.FileUploadTests" name="inputListTest" time="1.443"/>
  <system-out/>
  <testcase classname="com.herokuapp.theinternet.FileUploadTests" name="inputListTest" time="1.926"/>
  <system-out/>
  <testcase classname="com.herokuapp.theinternet.FileUploadTests" name="inputListTest" time="2.312"/>
  <system-out/>
</testsuite> <!-- com.herokuapp.theinternet.FileUploadTests -->
