<?xml version="1.0" encoding="UTF-8"?>
<!-- Generated by org.testng.reporters.JUnitReportReporter -->
<testsuite hostname="DESKTOP-V4IS0Q1" failures="0" tests="6" name="com.herokuapp.theinternet.NegativeLoginUsingCSVTests" time="65.220" errors="0" timestamp="2022-06-21T23:25:40 CST" skipped="0">
  <testcase classname="com.herokuapp.theinternet.NegativeLoginUsingCSVTests" name="negativeLoginTest" time="8.583"/>
  <system-out/>
  <testcase classname="com.herokuapp.theinternet.NegativeLoginUsingCSVTests" name="negativeLoginTest" time="9.624"/>
  <system-out/>
  <testcase classname="com.herokuapp.theinternet.NegativeLoginUsingCSVTests" name="negativeLoginTest" time="9.929"/>
  <system-out/>
  <testcase classname="com.herokuapp.theinternet.NegativeLoginUsingCSVTests" name="negativeLoginTest" time="14.816"/>
  <system-out/>
  <testcase classname="com.herokuapp.theinternet.NegativeLoginUsingCSVTests" name="negativeLoginTest" time="9.721"/>
  <system-out/>
  <testcase classname="com.herokuapp.theinternet.NegativeLoginUsingCSVTests" name="negativeLoginTest" time="12.547"/>
  <system-out/>
</testsuite> <!-- com.herokuapp.theinternet.NegativeLoginUsingCSVTests -->
