<?xml version="1.0" encoding="UTF-8"?>
<!-- Generated by org.testng.reporters.JUnitReportReporter -->
<testsuite hostname="DESKTOP-V4IS0Q1" failures="0" tests="1" name="com.herokuapp.theinternet.LoginYCLTest" time="12.300" errors="0" timestamp="2022-06-12T01:17:39 CST" skipped="0">
  <testcase classname="com.herokuapp.theinternet.LoginYCLTest" name="loginYCLTest" time="12.300"/>
  <system-out/>
</testsuite> <!-- com.herokuapp.theinternet.LoginYCLTest -->
