<?xml version="1.0" encoding="UTF-8"?>
<!-- Generated by org.testng.reporters.JUnitReportReporter -->
<testsuite hostname="DESKTOP-V4IS0Q1" failures="0" tests="4" name="com.herokuapp.theinternet.LoginTests" time="14.219" errors="0" timestamp="2022-07-19T14:21:56 CST" skipped="3">
  <testcase classname="com.herokuapp.theinternet.LoginTests" name="positiveLoginTest" time="14.219"/>
  <system-out/>
  <testcase classname="com.herokuapp.theinternet.LoginTests" name="negativeLoginTest">
    <skipped/>
  </testcase> <!-- negativeLoginTest -->
  <system-out/>
  <testcase classname="com.herokuapp.theinternet.LoginTests" name="negativeLoginTest">
    <skipped/>
  </testcase> <!-- negativeLoginTest -->
  <system-out/>
  <testcase classname="com.herokuapp.theinternet.LoginTests" name="negativeLoginTest">
    <skipped/>
  </testcase> <!-- negativeLoginTest -->
  <system-out/>
</testsuite> <!-- com.herokuapp.theinternet.LoginTests -->
