<?xml version="1.0" encoding="UTF-8"?>
<!-- Generated by org.testng.reporters.JUnitReportReporter -->
<testsuite hostname="DESKTOP-V4IS0Q1" failures="0" tests="2" name="com.herokuapp.theinternet.DragAndDropTests" time="17.858" errors="0" timestamp="2022-06-21T19:00:08 CST" skipped="0">
  <testcase classname="com.herokuapp.theinternet.DragAndDropTests" name="dragAToBTest" time="7.350"/>
  <system-out/>
  <testcase classname="com.herokuapp.theinternet.DragAndDropTests" name="dragAToBTest" time="10.508"/>
  <system-out/>
</testsuite> <!-- com.herokuapp.theinternet.DragAndDropTests -->
