<?xml version="1.0" encoding="UTF-8"?>
<!-- Generated by org.testng.reporters.JUnitReportReporter -->
<testsuite hostname="DESKTOP-V4IS0Q1" failures="0" tests="2" name="com.herokuapp.theinternet.KeyPressesTests" time="12.935" errors="0" timestamp="2022-08-03T02:50:16 CST" skipped="0">
  <testcase classname="com.herokuapp.theinternet.KeyPressesTests" name="pressKeyTest" time="6.782"/>
  <system-out/>
  <testcase classname="com.herokuapp.theinternet.KeyPressesTests" name="pressKeyWithActionsTest" time="6.153"/>
  <system-out/>
</testsuite> <!-- com.herokuapp.theinternet.KeyPressesTests -->
