<?xml version="1.0" encoding="UTF-8"?>
<!-- Generated by org.testng.reporters.JUnitReportReporter -->
<testsuite hostname="DESKTOP-V4IS0Q1" failures="0" tests="1" name="com.herokuapp.theinternet.HoversTests" time="22.356" errors="0" timestamp="2022-06-23T02:19:28 CST" skipped="0">
  <testcase classname="com.herokuapp.theinternet.HoversTests" name="user2ProfileTest" time="22.356"/>
  <system-out/>
</testsuite> <!-- com.herokuapp.theinternet.HoversTests -->
