<?xml version="1.0" encoding="UTF-8"?>
<!-- Generated by org.testng.reporters.JUnitReportReporter -->
<testsuite hostname="DESKTOP-V4IS0Q1" failures="0" tests="1" name="com.herokuapp.theinternet.HorizontalSliderTests" time="13.738" errors="0" timestamp="2022-07-27T01:32:28 CST" skipped="0">
  <testcase classname="com.herokuapp.theinternet.HorizontalSliderTests" name="sliderTest" time="13.738"/>
  <system-out/>
</testsuite> <!-- com.herokuapp.theinternet.HorizontalSliderTests -->
