<?xml version="1.0" encoding="UTF-8"?>
<!-- Generated by org.testng.reporters.JUnitReportReporter -->
<testsuite hostname="DESKTOP-V4IS0Q1" failures="0" tests="3" name="com.herokuapp.theinternet.LoginTest" time="29.005" errors="0" timestamp="2022-06-13T22:33:31 CST" skipped="0">
  <testcase classname="com.herokuapp.theinternet.LoginTest" name="positiveLoginTest" time="9.641"/>
  <system-out/>
  <testcase classname="com.herokuapp.theinternet.LoginTest" name="negativeLoginTest" time="10.041"/>
  <system-out/>
  <testcase classname="com.herokuapp.theinternet.LoginTest" name="negativeLoginTest" time="9.323"/>
  <system-out/>
</testsuite> <!-- com.herokuapp.theinternet.LoginTest -->
